f:\onedrive - virginia tech\classes\2020 summer\zach project\azureexamples\build\streaming\streaming_samples.dir\debug\vc141.pdb
f:\onedrive - virginia tech\classes\2020 summer\zach project\azureexamples\build\streaming\streaming_samples.dir\debug\main.obj
f:\onedrive - virginia tech\classes\2020 summer\zach project\git downloads\azure-kinect-sensor-sdk-develop\examples\build\streaming\cmakefiles\generate.stamp
f:\onedrive - virginia tech\classes\2020 summer\zach project\git downloads\azure-kinect-sensor-sdk-develop\examples\build\streaming\debug\streaming_samples.ilk
f:\onedrive - virginia tech\classes\2020 summer\zach project\git downloads\azure-kinect-sensor-sdk-develop\examples\build\streaming\debug\streaming_samples.exe
f:\onedrive - virginia tech\classes\2020 summer\zach project\git downloads\azure-kinect-sensor-sdk-develop\examples\build\streaming\debug\streaming_samples.pdb
f:\onedrive - virginia tech\classes\2020 summer\zach project\git downloads\azure-kinect-sensor-sdk-develop\examples\build\streaming\debug\depthengine_2_0.dll
f:\onedrive - virginia tech\classes\2020 summer\zach project\git downloads\azure-kinect-sensor-sdk-develop\examples\build\streaming\debug\k4a.dll
f:\onedrive - virginia tech\classes\2020 summer\zach project\git downloads\azure-kinect-sensor-sdk-develop\examples\build\streaming\debug\k4arecord.dll
f:\onedrive - virginia tech\classes\2020 summer\zach project\git downloads\azure-kinect-sensor-sdk-develop\examples\build\streaming\debug\k4a.pdb
f:\onedrive - virginia tech\classes\2020 summer\zach project\git downloads\azure-kinect-sensor-sdk-develop\examples\build\streaming\debug\k4arecord.pdb
f:\onedrive - virginia tech\classes\2020 summer\zach project\azureexamples\build\streaming\streaming_samples.dir\debug\streamin.7ae020a2.tlog\cl.command.1.tlog
f:\onedrive - virginia tech\classes\2020 summer\zach project\azureexamples\build\streaming\streaming_samples.dir\debug\streamin.7ae020a2.tlog\cl.read.1.tlog
f:\onedrive - virginia tech\classes\2020 summer\zach project\azureexamples\build\streaming\streaming_samples.dir\debug\streamin.7ae020a2.tlog\cl.write.1.tlog
f:\onedrive - virginia tech\classes\2020 summer\zach project\azureexamples\build\streaming\streaming_samples.dir\debug\streamin.7ae020a2.tlog\custombuild.command.1.tlog
f:\onedrive - virginia tech\classes\2020 summer\zach project\azureexamples\build\streaming\streaming_samples.dir\debug\streamin.7ae020a2.tlog\custombuild.read.1.tlog
f:\onedrive - virginia tech\classes\2020 summer\zach project\azureexamples\build\streaming\streaming_samples.dir\debug\streamin.7ae020a2.tlog\custombuild.write.1.tlog
f:\onedrive - virginia tech\classes\2020 summer\zach project\azureexamples\build\streaming\streaming_samples.dir\debug\streamin.7ae020a2.tlog\link.command.1.tlog
f:\onedrive - virginia tech\classes\2020 summer\zach project\azureexamples\build\streaming\streaming_samples.dir\debug\streamin.7ae020a2.tlog\link.read.1.tlog
f:\onedrive - virginia tech\classes\2020 summer\zach project\azureexamples\build\streaming\streaming_samples.dir\debug\streamin.7ae020a2.tlog\link.write.1.tlog
f:\onedrive - virginia tech\classes\2020 summer\zach project\azureexamples\build\streaming\streaming_samples.dir\debug\streamin.7ae020a2.tlog\streaming_samples.write.1u.tlog
