f:\onedrive - virginia tech\classes\2020 summer\zach project\azureexamples\build\fastpointcloud\fastpointcloud.dir\debug\vc141.pdb
f:\onedrive - virginia tech\classes\2020 summer\zach project\azureexamples\build\fastpointcloud\fastpointcloud.dir\debug\main.obj
f:\onedrive - virginia tech\classes\2020 summer\zach project\git downloads\azure-kinect-sensor-sdk-develop\examples\build\fastpointcloud\cmakefiles\generate.stamp
f:\onedrive - virginia tech\classes\2020 summer\zach project\git downloads\azure-kinect-sensor-sdk-develop\examples\build\fastpointcloud\debug\depthengine_2_0.dll
f:\onedrive - virginia tech\classes\2020 summer\zach project\git downloads\azure-kinect-sensor-sdk-develop\examples\build\fastpointcloud\debug\k4a.dll
f:\onedrive - virginia tech\classes\2020 summer\zach project\git downloads\azure-kinect-sensor-sdk-develop\examples\build\fastpointcloud\debug\k4arecord.dll
f:\onedrive - virginia tech\classes\2020 summer\zach project\git downloads\azure-kinect-sensor-sdk-develop\examples\build\fastpointcloud\debug\k4a.pdb
f:\onedrive - virginia tech\classes\2020 summer\zach project\git downloads\azure-kinect-sensor-sdk-develop\examples\build\fastpointcloud\debug\k4arecord.pdb
f:\onedrive - virginia tech\classes\2020 summer\zach project\git downloads\azure-kinect-sensor-sdk-develop\examples\build\fastpointcloud\debug\fastpointcloud.ilk
f:\onedrive - virginia tech\classes\2020 summer\zach project\git downloads\azure-kinect-sensor-sdk-develop\examples\build\fastpointcloud\debug\fastpointcloud.exe
f:\onedrive - virginia tech\classes\2020 summer\zach project\git downloads\azure-kinect-sensor-sdk-develop\examples\build\fastpointcloud\debug\fastpointcloud.pdb
f:\onedrive - virginia tech\classes\2020 summer\zach project\azureexamples\build\fastpointcloud\fastpointcloud.dir\debug\fastpointcloud.tlog\cl.command.1.tlog
f:\onedrive - virginia tech\classes\2020 summer\zach project\azureexamples\build\fastpointcloud\fastpointcloud.dir\debug\fastpointcloud.tlog\cl.read.1.tlog
f:\onedrive - virginia tech\classes\2020 summer\zach project\azureexamples\build\fastpointcloud\fastpointcloud.dir\debug\fastpointcloud.tlog\cl.write.1.tlog
f:\onedrive - virginia tech\classes\2020 summer\zach project\azureexamples\build\fastpointcloud\fastpointcloud.dir\debug\fastpointcloud.tlog\custombuild.command.1.tlog
f:\onedrive - virginia tech\classes\2020 summer\zach project\azureexamples\build\fastpointcloud\fastpointcloud.dir\debug\fastpointcloud.tlog\custombuild.read.1.tlog
f:\onedrive - virginia tech\classes\2020 summer\zach project\azureexamples\build\fastpointcloud\fastpointcloud.dir\debug\fastpointcloud.tlog\custombuild.write.1.tlog
f:\onedrive - virginia tech\classes\2020 summer\zach project\azureexamples\build\fastpointcloud\fastpointcloud.dir\debug\fastpointcloud.tlog\fastpointcloud.write.1u.tlog
f:\onedrive - virginia tech\classes\2020 summer\zach project\azureexamples\build\fastpointcloud\fastpointcloud.dir\debug\fastpointcloud.tlog\link.command.1.tlog
f:\onedrive - virginia tech\classes\2020 summer\zach project\azureexamples\build\fastpointcloud\fastpointcloud.dir\debug\fastpointcloud.tlog\link.read.1.tlog
f:\onedrive - virginia tech\classes\2020 summer\zach project\azureexamples\build\fastpointcloud\fastpointcloud.dir\debug\fastpointcloud.tlog\link.write.1.tlog
