f:\onedrive - virginia tech\classes\2020 summer\zach project\azureexamples\build\transformation\transformation_example.dir\debug\vc141.pdb
f:\onedrive - virginia tech\classes\2020 summer\zach project\azureexamples\build\transformation\transformation_example.dir\debug\transformation_helpers.obj
f:\onedrive - virginia tech\classes\2020 summer\zach project\azureexamples\build\transformation\transformation_example.dir\debug\main.obj
f:\onedrive - virginia tech\classes\2020 summer\zach project\git downloads\azure-kinect-sensor-sdk-develop\examples\build\transformation\cmakefiles\generate.stamp
f:\onedrive - virginia tech\classes\2020 summer\zach project\git downloads\azure-kinect-sensor-sdk-develop\examples\build\transformation\debug\transformation_example.ilk
f:\onedrive - virginia tech\classes\2020 summer\zach project\git downloads\azure-kinect-sensor-sdk-develop\examples\build\transformation\debug\transformation_example.exe
f:\onedrive - virginia tech\classes\2020 summer\zach project\git downloads\azure-kinect-sensor-sdk-develop\examples\build\transformation\debug\transformation_example.pdb
f:\onedrive - virginia tech\classes\2020 summer\zach project\git downloads\azure-kinect-sensor-sdk-develop\examples\build\transformation\debug\depthengine_2_0.dll
f:\onedrive - virginia tech\classes\2020 summer\zach project\git downloads\azure-kinect-sensor-sdk-develop\examples\build\transformation\debug\k4a.dll
f:\onedrive - virginia tech\classes\2020 summer\zach project\git downloads\azure-kinect-sensor-sdk-develop\examples\build\transformation\debug\k4arecord.dll
f:\onedrive - virginia tech\classes\2020 summer\zach project\git downloads\azure-kinect-sensor-sdk-develop\examples\build\transformation\debug\k4a.pdb
f:\onedrive - virginia tech\classes\2020 summer\zach project\git downloads\azure-kinect-sensor-sdk-develop\examples\build\transformation\debug\k4arecord.pdb
f:\onedrive - virginia tech\classes\2020 summer\zach project\azureexamples\build\transformation\transformation_example.dir\debug\transfor.2e2a2e0c.tlog\cl.command.1.tlog
f:\onedrive - virginia tech\classes\2020 summer\zach project\azureexamples\build\transformation\transformation_example.dir\debug\transfor.2e2a2e0c.tlog\cl.read.1.tlog
f:\onedrive - virginia tech\classes\2020 summer\zach project\azureexamples\build\transformation\transformation_example.dir\debug\transfor.2e2a2e0c.tlog\cl.write.1.tlog
f:\onedrive - virginia tech\classes\2020 summer\zach project\azureexamples\build\transformation\transformation_example.dir\debug\transfor.2e2a2e0c.tlog\custombuild.command.1.tlog
f:\onedrive - virginia tech\classes\2020 summer\zach project\azureexamples\build\transformation\transformation_example.dir\debug\transfor.2e2a2e0c.tlog\custombuild.read.1.tlog
f:\onedrive - virginia tech\classes\2020 summer\zach project\azureexamples\build\transformation\transformation_example.dir\debug\transfor.2e2a2e0c.tlog\custombuild.write.1.tlog
f:\onedrive - virginia tech\classes\2020 summer\zach project\azureexamples\build\transformation\transformation_example.dir\debug\transfor.2e2a2e0c.tlog\link.command.1.tlog
f:\onedrive - virginia tech\classes\2020 summer\zach project\azureexamples\build\transformation\transformation_example.dir\debug\transfor.2e2a2e0c.tlog\link.read.1.tlog
f:\onedrive - virginia tech\classes\2020 summer\zach project\azureexamples\build\transformation\transformation_example.dir\debug\transfor.2e2a2e0c.tlog\link.write.1.tlog
f:\onedrive - virginia tech\classes\2020 summer\zach project\azureexamples\build\transformation\transformation_example.dir\debug\transfor.2e2a2e0c.tlog\transformation_example.write.1u.tlog
