f:\onedrive - virginia tech\classes\2020 summer\zach project\azureexamples\build\enumerate\enumerate_devices.dir\debug\vc141.pdb
f:\onedrive - virginia tech\classes\2020 summer\zach project\azureexamples\build\enumerate\enumerate_devices.dir\debug\main.obj
f:\onedrive - virginia tech\classes\2020 summer\zach project\git downloads\azure-kinect-sensor-sdk-develop\examples\build\enumerate\cmakefiles\generate.stamp
f:\onedrive - virginia tech\classes\2020 summer\zach project\git downloads\azure-kinect-sensor-sdk-develop\examples\build\enumerate\debug\depthengine_2_0.dll
f:\onedrive - virginia tech\classes\2020 summer\zach project\git downloads\azure-kinect-sensor-sdk-develop\examples\build\enumerate\debug\k4a.dll
f:\onedrive - virginia tech\classes\2020 summer\zach project\git downloads\azure-kinect-sensor-sdk-develop\examples\build\enumerate\debug\k4arecord.dll
f:\onedrive - virginia tech\classes\2020 summer\zach project\git downloads\azure-kinect-sensor-sdk-develop\examples\build\enumerate\debug\k4a.pdb
f:\onedrive - virginia tech\classes\2020 summer\zach project\git downloads\azure-kinect-sensor-sdk-develop\examples\build\enumerate\debug\k4arecord.pdb
f:\onedrive - virginia tech\classes\2020 summer\zach project\git downloads\azure-kinect-sensor-sdk-develop\examples\build\enumerate\debug\enumerate_devices.ilk
f:\onedrive - virginia tech\classes\2020 summer\zach project\git downloads\azure-kinect-sensor-sdk-develop\examples\build\enumerate\debug\enumerate_devices.exe
f:\onedrive - virginia tech\classes\2020 summer\zach project\git downloads\azure-kinect-sensor-sdk-develop\examples\build\enumerate\debug\enumerate_devices.pdb
f:\onedrive - virginia tech\classes\2020 summer\zach project\azureexamples\build\enumerate\enumerate_devices.dir\debug\enumerat.7e2a8c03.tlog\cl.command.1.tlog
f:\onedrive - virginia tech\classes\2020 summer\zach project\azureexamples\build\enumerate\enumerate_devices.dir\debug\enumerat.7e2a8c03.tlog\cl.read.1.tlog
f:\onedrive - virginia tech\classes\2020 summer\zach project\azureexamples\build\enumerate\enumerate_devices.dir\debug\enumerat.7e2a8c03.tlog\cl.write.1.tlog
f:\onedrive - virginia tech\classes\2020 summer\zach project\azureexamples\build\enumerate\enumerate_devices.dir\debug\enumerat.7e2a8c03.tlog\custombuild.command.1.tlog
f:\onedrive - virginia tech\classes\2020 summer\zach project\azureexamples\build\enumerate\enumerate_devices.dir\debug\enumerat.7e2a8c03.tlog\custombuild.read.1.tlog
f:\onedrive - virginia tech\classes\2020 summer\zach project\azureexamples\build\enumerate\enumerate_devices.dir\debug\enumerat.7e2a8c03.tlog\custombuild.write.1.tlog
f:\onedrive - virginia tech\classes\2020 summer\zach project\azureexamples\build\enumerate\enumerate_devices.dir\debug\enumerat.7e2a8c03.tlog\enumerate_devices.write.1u.tlog
f:\onedrive - virginia tech\classes\2020 summer\zach project\azureexamples\build\enumerate\enumerate_devices.dir\debug\enumerat.7e2a8c03.tlog\link.command.1.tlog
f:\onedrive - virginia tech\classes\2020 summer\zach project\azureexamples\build\enumerate\enumerate_devices.dir\debug\enumerat.7e2a8c03.tlog\link.read.1.tlog
f:\onedrive - virginia tech\classes\2020 summer\zach project\azureexamples\build\enumerate\enumerate_devices.dir\debug\enumerat.7e2a8c03.tlog\link.write.1.tlog
