f:\onedrive - virginia tech\classes\2020 summer\zach project\azureexamples\build\k4arecord_custom_track\k4arecord_custom_track.dir\debug\vc141.pdb
f:\onedrive - virginia tech\classes\2020 summer\zach project\azureexamples\build\k4arecord_custom_track\k4arecord_custom_track.dir\debug\main.obj
f:\onedrive - virginia tech\classes\2020 summer\zach project\git downloads\azure-kinect-sensor-sdk-develop\examples\build\k4arecord_custom_track\cmakefiles\generate.stamp
f:\onedrive - virginia tech\classes\2020 summer\zach project\git downloads\azure-kinect-sensor-sdk-develop\examples\build\k4arecord_custom_track\debug\depthengine_2_0.dll
f:\onedrive - virginia tech\classes\2020 summer\zach project\git downloads\azure-kinect-sensor-sdk-develop\examples\build\k4arecord_custom_track\debug\k4a.dll
f:\onedrive - virginia tech\classes\2020 summer\zach project\git downloads\azure-kinect-sensor-sdk-develop\examples\build\k4arecord_custom_track\debug\k4arecord.dll
f:\onedrive - virginia tech\classes\2020 summer\zach project\git downloads\azure-kinect-sensor-sdk-develop\examples\build\k4arecord_custom_track\debug\k4a.pdb
f:\onedrive - virginia tech\classes\2020 summer\zach project\git downloads\azure-kinect-sensor-sdk-develop\examples\build\k4arecord_custom_track\debug\k4arecord.pdb
f:\onedrive - virginia tech\classes\2020 summer\zach project\git downloads\azure-kinect-sensor-sdk-develop\examples\build\k4arecord_custom_track\debug\k4arecord_custom_track.ilk
f:\onedrive - virginia tech\classes\2020 summer\zach project\git downloads\azure-kinect-sensor-sdk-develop\examples\build\k4arecord_custom_track\debug\k4arecord_custom_track.exe
f:\onedrive - virginia tech\classes\2020 summer\zach project\git downloads\azure-kinect-sensor-sdk-develop\examples\build\k4arecord_custom_track\debug\k4arecord_custom_track.pdb
f:\onedrive - virginia tech\classes\2020 summer\zach project\azureexamples\build\k4arecord_custom_track\k4arecord_custom_track.dir\debug\k4arecor.47af90c8.tlog\cl.command.1.tlog
f:\onedrive - virginia tech\classes\2020 summer\zach project\azureexamples\build\k4arecord_custom_track\k4arecord_custom_track.dir\debug\k4arecor.47af90c8.tlog\cl.read.1.tlog
f:\onedrive - virginia tech\classes\2020 summer\zach project\azureexamples\build\k4arecord_custom_track\k4arecord_custom_track.dir\debug\k4arecor.47af90c8.tlog\cl.write.1.tlog
f:\onedrive - virginia tech\classes\2020 summer\zach project\azureexamples\build\k4arecord_custom_track\k4arecord_custom_track.dir\debug\k4arecor.47af90c8.tlog\custombuild.command.1.tlog
f:\onedrive - virginia tech\classes\2020 summer\zach project\azureexamples\build\k4arecord_custom_track\k4arecord_custom_track.dir\debug\k4arecor.47af90c8.tlog\custombuild.read.1.tlog
f:\onedrive - virginia tech\classes\2020 summer\zach project\azureexamples\build\k4arecord_custom_track\k4arecord_custom_track.dir\debug\k4arecor.47af90c8.tlog\custombuild.write.1.tlog
f:\onedrive - virginia tech\classes\2020 summer\zach project\azureexamples\build\k4arecord_custom_track\k4arecord_custom_track.dir\debug\k4arecor.47af90c8.tlog\k4arecord_custom_track.write.1u.tlog
f:\onedrive - virginia tech\classes\2020 summer\zach project\azureexamples\build\k4arecord_custom_track\k4arecord_custom_track.dir\debug\k4arecor.47af90c8.tlog\link.command.1.tlog
f:\onedrive - virginia tech\classes\2020 summer\zach project\azureexamples\build\k4arecord_custom_track\k4arecord_custom_track.dir\debug\k4arecor.47af90c8.tlog\link.read.1.tlog
f:\onedrive - virginia tech\classes\2020 summer\zach project\azureexamples\build\k4arecord_custom_track\k4arecord_custom_track.dir\debug\k4arecor.47af90c8.tlog\link.write.1.tlog
