f:\onedrive - virginia tech\classes\2020 summer\zach project\azureexamples\build\playback_external_sync\playback_external_sync.dir\debug\vc141.pdb
f:\onedrive - virginia tech\classes\2020 summer\zach project\azureexamples\build\playback_external_sync\playback_external_sync.dir\debug\main.obj
f:\onedrive - virginia tech\classes\2020 summer\zach project\git downloads\azure-kinect-sensor-sdk-develop\examples\build\playback_external_sync\cmakefiles\generate.stamp
f:\onedrive - virginia tech\classes\2020 summer\zach project\git downloads\azure-kinect-sensor-sdk-develop\examples\build\playback_external_sync\debug\playback_external_sync.ilk
f:\onedrive - virginia tech\classes\2020 summer\zach project\git downloads\azure-kinect-sensor-sdk-develop\examples\build\playback_external_sync\debug\playback_external_sync.exe
f:\onedrive - virginia tech\classes\2020 summer\zach project\git downloads\azure-kinect-sensor-sdk-develop\examples\build\playback_external_sync\debug\playback_external_sync.pdb
f:\onedrive - virginia tech\classes\2020 summer\zach project\git downloads\azure-kinect-sensor-sdk-develop\examples\build\playback_external_sync\debug\depthengine_2_0.dll
f:\onedrive - virginia tech\classes\2020 summer\zach project\git downloads\azure-kinect-sensor-sdk-develop\examples\build\playback_external_sync\debug\k4a.dll
f:\onedrive - virginia tech\classes\2020 summer\zach project\git downloads\azure-kinect-sensor-sdk-develop\examples\build\playback_external_sync\debug\k4arecord.dll
f:\onedrive - virginia tech\classes\2020 summer\zach project\git downloads\azure-kinect-sensor-sdk-develop\examples\build\playback_external_sync\debug\k4a.pdb
f:\onedrive - virginia tech\classes\2020 summer\zach project\git downloads\azure-kinect-sensor-sdk-develop\examples\build\playback_external_sync\debug\k4arecord.pdb
f:\onedrive - virginia tech\classes\2020 summer\zach project\azureexamples\build\playback_external_sync\playback_external_sync.dir\debug\playback.c237fbff.tlog\cl.command.1.tlog
f:\onedrive - virginia tech\classes\2020 summer\zach project\azureexamples\build\playback_external_sync\playback_external_sync.dir\debug\playback.c237fbff.tlog\cl.read.1.tlog
f:\onedrive - virginia tech\classes\2020 summer\zach project\azureexamples\build\playback_external_sync\playback_external_sync.dir\debug\playback.c237fbff.tlog\cl.write.1.tlog
f:\onedrive - virginia tech\classes\2020 summer\zach project\azureexamples\build\playback_external_sync\playback_external_sync.dir\debug\playback.c237fbff.tlog\custombuild.command.1.tlog
f:\onedrive - virginia tech\classes\2020 summer\zach project\azureexamples\build\playback_external_sync\playback_external_sync.dir\debug\playback.c237fbff.tlog\custombuild.read.1.tlog
f:\onedrive - virginia tech\classes\2020 summer\zach project\azureexamples\build\playback_external_sync\playback_external_sync.dir\debug\playback.c237fbff.tlog\custombuild.write.1.tlog
f:\onedrive - virginia tech\classes\2020 summer\zach project\azureexamples\build\playback_external_sync\playback_external_sync.dir\debug\playback.c237fbff.tlog\link.command.1.tlog
f:\onedrive - virginia tech\classes\2020 summer\zach project\azureexamples\build\playback_external_sync\playback_external_sync.dir\debug\playback.c237fbff.tlog\link.read.1.tlog
f:\onedrive - virginia tech\classes\2020 summer\zach project\azureexamples\build\playback_external_sync\playback_external_sync.dir\debug\playback.c237fbff.tlog\link.write.1.tlog
f:\onedrive - virginia tech\classes\2020 summer\zach project\azureexamples\build\playback_external_sync\playback_external_sync.dir\debug\playback.c237fbff.tlog\playback_external_sync.write.1u.tlog
